# JRE version: OpenJDK Runtime Environment Corretto-11.0.25.9.1 (11.0.25+9) (build 11.0.25+9-LTS)
# Java VM: OpenJDK 64-Bit Server VM Corretto-11.0.25.9.1 (11.0.25+9-LTS, mixed mode, tiered, compressed oops, g1 gc, windows-amd64)
Heap:
 garbage-first heap   total 114688K, used 64204K [0x00000000e0000000, 0x0000000100000000)
  region size 1024K, 5 young (5120K), 2 survivors (2048K)
 Metaspace       used 44194K, capacity 45431K, committed 45568K, reserved 1089536K
  class space    used 5033K, capacity 5535K, committed 5632K, reserved 1048576K
GC Heap History (20 events):
Event: 27.355 GC heap before
{Heap before GC invocations=57 (full 0):
 garbage-first heap   total 57344K, used 47958K [0x00000000e0000000, 0x0000000100000000)
  region size 1024K, 2 young (2048K), 1 survivors (1024K)
 Metaspace       used 37445K, capacity 38529K, committed 38784K, reserved 1083392K
  class space    used 4150K, capacity 4620K, committed 4736K, reserved 1048576K
}
Event: 27.357 GC heap after
{Heap after GC invocations=58 (full 0):
 garbage-first heap   total 57344K, used 46961K [0x00000000e0000000, 0x0000000100000000)
  region size 1024K, 1 young (1024K), 1 survivors (1024K)
 Metaspace       used 37445K, capacity 38529K, committed 38784K, reserved 1083392K
  class space    used 4150K, capacity 4620K, committed 4736K, reserved 1048576K
}
Event: 27.372 GC heap before
{Heap before GC invocations=58 (full 0):
 garbage-first heap   total 57344K, used 46961K [0x00000000e0000000, 0x0000000100000000)
  region size 1024K, 2 young (2048K), 1 survivors (1024K)
 Metaspace       used 37496K, capacity 38660K, committed 38784K, reserved 1083392K
  class space    used 4153K, capacity 4621K, committed 4736K, reserved 1048576K
}
Event: 27.374 GC heap after
{Heap after GC invocations=59 (full 0):
 garbage-first heap   total 57344K, used 47141K [0x00000000e0000000, 0x0000000100000000)
  region size 1024K, 1 young (1024K), 1 survivors (1024K)
 Metaspace       used 37496K, capacity 38660K, committed 38784K, reserved 1083392K
  class space    used 4153K, capacity 4621K, committed 4736K, reserved 1048576K
}
Event: 27.388 GC heap before
{Heap before GC invocations=59 (full 0):
 garbage-first heap   total 57344K, used 48165K [0x00000000e0000000, 0x0000000100000000)
  region size 1024K, 2 young (2048K), 1 survivors (1024K)
 Metaspace       used 37523K, capacity 38669K, committed 38784K, reserved 1083392K
  class space    used 4159K, capacity 4624K, committed 4736K, reserved 1048576K
}
Event: 27.390 GC heap after
{Heap after GC invocations=60 (full 0):
 garbage-first heap   total 57344K, used 47331K [0x00000000e0000000, 0x0000000100000000)
  region size 1024K, 1 young (1024K), 1 survivors (1024K)
 Metaspace       used 37523K, capacity 38669K, committed 38784K, reserved 1083392K
  class space    used 4159K, capacity 4624K, committed 4736K, reserved 1048576K
}
Event: 27.409 GC heap before
{Heap before GC invocations=60 (full 0):
 garbage-first heap   total 57344K, used 48355K [0x00000000e0000000, 0x0000000100000000)
  region size 1024K, 2 young (2048K), 1 survivors (1024K)
 Metaspace       used 37571K, capacity 38754K, committed 39040K, reserved 1083392K
  class space    used 4167K, capacity 4632K, committed 4736K, reserved 1048576K
}
Event: 27.414 GC heap after
{Heap after GC invocations=61 (full 0):
 garbage-first heap   total 114688K, used 47374K [0x00000000e0000000, 0x0000000100000000)
  region size 1024K, 1 young (1024K), 1 survivors (1024K)
 Metaspace       used 37571K, capacity 38754K, committed 39040K, reserved 1083392K
  class space    used 4167K, capacity 4632K, committed 4736K, reserved 1048576K
}
Event: 28.297 GC heap before
{Heap before GC invocations=61 (full 0):
 garbage-first heap   total 114688K, used 70926K [0x00000000e0000000, 0x0000000100000000)
  region size 1024K, 25 young (25600K), 1 survivors (1024K)
 Metaspace       used 38566K, capacity 39690K, committed 39808K, reserved 1085440K
  class space    used 4275K, capacity 4730K, committed 4736K, reserved 1048576K
}
Event: 28.302 GC heap after
{Heap after GC invocations=62 (full 0):
 garbage-first heap   total 114688K, used 49052K [0x00000000e0000000, 0x0000000100000000)
  region size 1024K, 3 young (3072K), 3 survivors (3072K)
 Metaspace       used 38566K, capacity 39690K, committed 39808K, reserved 1085440K
  class space    used 4275K, capacity 4730K, committed 4736K, reserved 1048576K
}
Event: 28.739 GC heap before
{Heap before GC invocations=62 (full 0):
 garbage-first heap   total 114688K, used 74652K [0x00000000e0000000, 0x0000000100000000)
  region size 1024K, 28 young (28672K), 3 survivors (3072K)
 Metaspace       used 39633K, capacity 40813K, committed 41088K, reserved 1085440K
  class space    used 4434K, capacity 4891K, committed 4992K, reserved 1048576K
}
Event: 28.744 GC heap after
{Heap after GC invocations=63 (full 0):
 garbage-first heap   total 114688K, used 50848K [0x00000000e0000000, 0x0000000100000000)
  region size 1024K, 4 young (4096K), 4 survivors (4096K)
 Metaspace       used 39633K, capacity 40813K, committed 41088K, reserved 1085440K
  class space    used 4434K, capacity 4891K, committed 4992K, reserved 1048576K
}
Event: 32.260 GC heap before
{Heap before GC invocations=63 (full 0):
 garbage-first heap   total 114688K, used 83616K [0x00000000e0000000, 0x0000000100000000)
  region size 1024K, 31 young (31744K), 4 survivors (4096K)
 Metaspace       used 40725K, capacity 41878K, committed 41984K, reserved 1085440K
  class space    used 4598K, capacity 5055K, committed 5120K, reserved 1048576K
}
Event: 32.268 GC heap after
{Heap after GC invocations=64 (full 0):
 garbage-first heap   total 114688K, used 57961K [0x00000000e0000000, 0x0000000100000000)
  region size 1024K, 4 young (4096K), 4 survivors (4096K)
 Metaspace       used 40725K, capacity 41878K, committed 41984K, reserved 1085440K
  class space    used 4598K, capacity 5055K, committed 5120K, reserved 1048576K
}
Event: 36.471 GC heap before
{Heap before GC invocations=64 (full 0):
 garbage-first heap   total 114688K, used 83561K [0x00000000e0000000, 0x0000000100000000)
  region size 1024K, 29 young (29696K), 4 survivors (4096K)
 Metaspace       used 41875K, capacity 43092K, committed 43136K, reserved 1087488K
  class space    used 4759K, capacity 5246K, committed 5248K, reserved 1048576K
}
Event: 36.477 GC heap after
{Heap after GC invocations=65 (full 0):
 garbage-first heap   total 114688K, used 60115K [0x00000000e0000000, 0x0000000100000000)
  region size 1024K, 4 young (4096K), 4 survivors (4096K)
 Metaspace       used 41875K, capacity 43092K, committed 43136K, reserved 1087488K
  class space    used 4759K, capacity 5246K, committed 5248K, reserved 1048576K
}
Event: 36.936 GC heap before
{Heap before GC invocations=65 (full 0):
 garbage-first heap   total 114688K, used 85715K [0x00000000e0000000, 0x0000000100000000)
  region size 1024K, 29 young (29696K), 4 survivors (4096K)
 Metaspace       used 43088K, capacity 44346K, committed 44672K, reserved 1089536K
  class space    used 4899K, capacity 5409K, committed 5504K, reserved 1048576K
}
Event: 36.942 GC heap after
{Heap after GC invocations=66 (full 0):
 garbage-first heap   total 114688K, used 61449K [0x00000000e0000000, 0x0000000100000000)
  region size 1024K, 2 young (2048K), 2 survivors (2048K)
 Metaspace       used 43088K, capacity 44346K, committed 44672K, reserved 1089536K
  class space    used 4899K, capacity 5409K, committed 5504K, reserved 1048576K
}
Event: 39.438 GC heap before
{Heap before GC invocations=66 (full 0):
 garbage-first heap   total 114688K, used 87049K [0x00000000e0000000, 0x0000000100000000)
  region size 1024K, 27 young (27648K), 2 survivors (2048K)
 Metaspace       used 44098K, capacity 45363K, committed 45568K, reserved 1089536K
  class space    used 5026K, capacity 5534K, committed 5632K, reserved 1048576K
}
Event: 39.442 GC heap after
{Heap after GC invocations=67 (full 0):
 garbage-first heap   total 114688K, used 62156K [0x00000000e0000000, 0x0000000100000000)
  region size 1024K, 2 young (2048K), 2 survivors (2048K)
 Metaspace       used 44098K, capacity 45363K, committed 45568K, reserved 1089536K
  class space    used 5026K, capacity 5534K, committed 5632K, reserved 1048576K
}

